[2025-10-21 15:16:26] main.INFO: Starting worker 956c433a6382:345:default {"type":"start","worker":"956c433a6382:345:default"} []
[2025-10-21 15:16:26] main.INFO: Starting worker 956c433a6382:361:prio {"type":"start","worker":"956c433a6382:361:prio"} []
[2025-10-21 15:16:26] main.INFO: Starting worker 956c433a6382:377:cache {"type":"start","worker":"956c433a6382:377:cache"} []
[2025-10-21 15:16:27] main.INFO: Starting worker 956c433a6382:393:email {"type":"start","worker":"956c433a6382:393:email"} []
[2025-10-21 15:16:27] main.INFO: Starting worker 956c433a6382:409:update {"type":"start","worker":"956c433a6382:409:update"} []
[2025-10-21 15:23:06] main.ALERT: Redis exception caught: Connection lost {"type":"fail","log":"Connection lost","time":1761060186,"worker":"956c433a6382:345"} []
[2025-10-21 15:23:06] main.ALERT: Redis exception caught: Connection lost {"type":"fail","log":"Connection lost","time":1761060186,"worker":"956c433a6382:361"} []
[2025-10-21 15:23:06] main.ALERT: Redis exception caught: Connection lost {"type":"fail","log":"Connection lost","time":1761060186,"worker":"956c433a6382:377"} []
[2025-10-21 15:23:07] main.ALERT: Redis exception caught: Connection lost {"type":"fail","log":"Connection lost","time":1761060187,"worker":"956c433a6382:393"} []
[2025-10-21 15:23:07] main.ALERT: Redis exception caught: Connection lost {"type":"fail","log":"Connection lost","time":1761060187,"worker":"956c433a6382:409"} []
[2025-10-21 15:23:11] main.ALERT: Redis exception caught: Redis server redis:6379 went away {"type":"fail","log":"Redis server redis:6379 went away","time":1761060191,"worker":"956c433a6382:345"} []
[2025-10-21 15:23:11] main.ALERT: Redis exception caught: Redis server redis:6379 went away {"type":"fail","log":"Redis server redis:6379 went away","time":1761060191,"worker":"956c433a6382:361"} []
[2025-10-21 15:23:11] main.ALERT: Redis exception caught: Redis server redis:6379 went away {"type":"fail","log":"Redis server redis:6379 went away","time":1761060191,"worker":"956c433a6382:377"} []
[2025-10-21 15:24:16] main.INFO: Starting worker a182c420f55e:345:default {"type":"start","worker":"a182c420f55e:345:default"} []
[2025-10-21 15:24:16] main.INFO: Starting worker a182c420f55e:361:prio {"type":"start","worker":"a182c420f55e:361:prio"} []
[2025-10-21 15:24:16] main.INFO: Starting worker a182c420f55e:377:cache {"type":"start","worker":"a182c420f55e:377:cache"} []
[2025-10-21 15:24:17] main.INFO: Starting worker a182c420f55e:393:email {"type":"start","worker":"a182c420f55e:393:email"} []
[2025-10-21 15:24:17] main.INFO: Starting worker a182c420f55e:409:update {"type":"start","worker":"a182c420f55e:409:update"} []
[2025-10-21 15:25:31] main.ALERT: Redis exception caught: Connection lost {"type":"fail","log":"Connection lost","time":1761060331,"worker":"a182c420f55e:345"} []
[2025-10-21 15:25:31] main.ALERT: Redis exception caught: Connection lost {"type":"fail","log":"Connection lost","time":1761060331,"worker":"a182c420f55e:361"} []
[2025-10-21 15:25:31] main.ALERT: Redis exception caught: Connection lost {"type":"fail","log":"Connection lost","time":1761060331,"worker":"a182c420f55e:377"} []
[2025-10-21 15:25:32] main.ALERT: Redis exception caught: Connection lost {"type":"fail","log":"Connection lost","time":1761060332,"worker":"a182c420f55e:393"} []
[2025-10-21 15:25:32] main.ALERT: Redis exception caught: Connection lost {"type":"fail","log":"Connection lost","time":1761060332,"worker":"a182c420f55e:409"} []
[2025-10-21 15:25:36] main.ALERT: Redis exception caught: Redis server redis:6379 went away {"type":"fail","log":"Redis server redis:6379 went away","time":1761060336,"worker":"a182c420f55e:345"} []
[2025-10-21 15:25:36] main.ALERT: Redis exception caught: Redis server redis:6379 went away {"type":"fail","log":"Redis server redis:6379 went away","time":1761060336,"worker":"a182c420f55e:361"} []
[2025-10-21 15:25:36] main.ALERT: Redis exception caught: Redis server redis:6379 went away {"type":"fail","log":"Redis server redis:6379 went away","time":1761060336,"worker":"a182c420f55e:377"} []
[2025-10-21 15:25:37] main.ALERT: Redis exception caught: Redis server redis:6379 went away {"type":"fail","log":"Redis server redis:6379 went away","time":1761060337,"worker":"a182c420f55e:393"} []
[2025-10-21 15:25:37] main.ALERT: Redis exception caught: Redis server redis:6379 went away {"type":"fail","log":"Redis server redis:6379 went away","time":1761060337,"worker":"a182c420f55e:409"} []
[2025-10-21 15:25:41] main.ALERT: Redis exception caught: Redis server redis:6379 went away {"type":"fail","log":"Redis server redis:6379 went away","time":1761060341,"worker":"a182c420f55e:345"} []
[2025-10-21 15:25:41] main.ALERT: Redis exception caught: Redis server redis:6379 went away {"type":"fail","log":"Redis server redis:6379 went away","time":1761060341,"worker":"a182c420f55e:361"} []
[2025-10-21 15:25:41] main.ALERT: Redis exception caught: Redis server redis:6379 went away {"type":"fail","log":"Redis server redis:6379 went away","time":1761060341,"worker":"a182c420f55e:377"} []
[2025-10-21 15:25:42] main.ALERT: Redis exception caught: Redis server redis:6379 went away {"type":"fail","log":"Redis server redis:6379 went away","time":1761060342,"worker":"a182c420f55e:393"} []
[2025-10-21 15:25:42] main.ALERT: Redis exception caught: Redis server redis:6379 went away {"type":"fail","log":"Redis server redis:6379 went away","time":1761060342,"worker":"a182c420f55e:409"} []
[2025-10-21 15:25:46] main.ALERT: Redis exception caught: Redis server redis:6379 went away {"type":"fail","log":"Redis server redis:6379 went away","time":1761060346,"worker":"a182c420f55e:345"} []
[2025-10-21 15:25:46] main.ALERT: Redis exception caught: Redis server redis:6379 went away {"type":"fail","log":"Redis server redis:6379 went away","time":1761060346,"worker":"a182c420f55e:361"} []
[2025-10-21 15:27:00] main.INFO: Starting worker 2e4bda187fd5:360:default {"type":"start","worker":"2e4bda187fd5:360:default"} []
[2025-10-21 15:27:00] main.INFO: Starting worker 2e4bda187fd5:376:prio {"type":"start","worker":"2e4bda187fd5:376:prio"} []
[2025-10-21 15:27:01] main.INFO: Starting worker 2e4bda187fd5:392:cache {"type":"start","worker":"2e4bda187fd5:392:cache"} []
[2025-10-21 15:27:01] main.INFO: Starting worker 2e4bda187fd5:408:email {"type":"start","worker":"2e4bda187fd5:408:email"} []
[2025-10-21 15:27:02] main.INFO: Starting worker 2e4bda187fd5:424:update {"type":"start","worker":"2e4bda187fd5:424:update"} []
[2025-10-21 15:31:16] main.ALERT: Redis exception caught: Connection lost {"type":"fail","log":"Connection lost","time":1761060676,"worker":"2e4bda187fd5:408"} []
[2025-10-21 15:31:17] main.ALERT: Redis exception caught: Connection lost {"type":"fail","log":"Connection lost","time":1761060677,"worker":"2e4bda187fd5:424"} []
[2025-10-21 15:31:20] main.ALERT: Redis exception caught: Connection lost {"type":"fail","log":"Connection lost","time":1761060680,"worker":"2e4bda187fd5:360"} []
[2025-10-21 15:31:20] main.ALERT: Redis exception caught: Connection lost {"type":"fail","log":"Connection lost","time":1761060680,"worker":"2e4bda187fd5:376"} []
[2025-10-21 15:31:21] main.ALERT: Redis exception caught: Connection lost {"type":"fail","log":"Connection lost","time":1761060681,"worker":"2e4bda187fd5:392"} []
[2025-10-21 15:31:21] main.ALERT: Redis exception caught: Redis server redis:6379 went away {"type":"fail","log":"Redis server redis:6379 went away","time":1761060681,"worker":"2e4bda187fd5:408"} []
[2025-10-21 15:31:22] main.ALERT: Redis exception caught: Redis server redis:6379 went away {"type":"fail","log":"Redis server redis:6379 went away","time":1761060682,"worker":"2e4bda187fd5:424"} []
[2025-10-21 15:32:50] main.INFO: Starting worker 891011131e42:353:default {"type":"start","worker":"891011131e42:353:default"} []
[2025-10-21 15:32:51] main.INFO: Starting worker 891011131e42:369:prio {"type":"start","worker":"891011131e42:369:prio"} []
[2025-10-21 15:32:51] main.INFO: Starting worker 891011131e42:385:cache {"type":"start","worker":"891011131e42:385:cache"} []
[2025-10-21 15:32:52] main.INFO: Starting worker 891011131e42:401:email {"type":"start","worker":"891011131e42:401:email"} []
[2025-10-21 15:32:52] main.INFO: Starting worker 891011131e42:417:update {"type":"start","worker":"891011131e42:417:update"} []
[2025-10-21 15:40:31] main.ALERT: Redis exception caught: Connection lost {"type":"fail","log":"Connection lost","time":1761061231,"worker":"891011131e42:369"} []
[2025-10-21 15:40:31] main.ALERT: Redis exception caught: Connection lost {"type":"fail","log":"Connection lost","time":1761061231,"worker":"891011131e42:385"} []
[2025-10-21 15:40:32] main.ALERT: Redis exception caught: Connection lost {"type":"fail","log":"Connection lost","time":1761061232,"worker":"891011131e42:401"} []
[2025-10-21 15:40:32] main.ALERT: Redis exception caught: Connection lost {"type":"fail","log":"Connection lost","time":1761061232,"worker":"891011131e42:417"} []
[2025-10-21 15:40:35] main.ALERT: Redis exception caught: Connection lost {"type":"fail","log":"Connection lost","time":1761061235,"worker":"891011131e42:353"} []
[2025-10-21 15:40:36] main.ALERT: Redis exception caught: Redis server redis:6379 went away {"type":"fail","log":"Redis server redis:6379 went away","time":1761061236,"worker":"891011131e42:369"} []
[2025-10-21 15:40:36] main.ALERT: Redis exception caught: Redis server redis:6379 went away {"type":"fail","log":"Redis server redis:6379 went away","time":1761061236,"worker":"891011131e42:385"} []
[2025-10-21 15:40:37] main.ALERT: Redis exception caught: Redis server redis:6379 went away {"type":"fail","log":"Redis server redis:6379 went away","time":1761061237,"worker":"891011131e42:401"} []
[2025-10-21 15:40:37] main.ALERT: Redis exception caught: Redis server redis:6379 went away {"type":"fail","log":"Redis server redis:6379 went away","time":1761061237,"worker":"891011131e42:417"} []
[2025-10-21 15:42:00] main.INFO: Starting worker b42a4820465b:353:default {"type":"start","worker":"b42a4820465b:353:default"} []
[2025-10-21 15:42:00] main.INFO: Starting worker b42a4820465b:369:prio {"type":"start","worker":"b42a4820465b:369:prio"} []
[2025-10-21 15:42:01] main.INFO: Starting worker b42a4820465b:385:cache {"type":"start","worker":"b42a4820465b:385:cache"} []
[2025-10-21 15:42:01] main.INFO: Starting worker b42a4820465b:401:email {"type":"start","worker":"b42a4820465b:401:email"} []
[2025-10-21 15:42:02] main.INFO: Starting worker b42a4820465b:417:update {"type":"start","worker":"b42a4820465b:417:update"} []
[2025-10-21 15:47:15] main.ALERT: Redis exception caught: Connection lost {"type":"fail","log":"Connection lost","time":1761061635,"worker":"b42a4820465b:353"} []
[2025-10-21 15:47:16] main.ALERT: Redis exception caught: Connection lost {"type":"fail","log":"Connection lost","time":1761061636,"worker":"b42a4820465b:369"} []
[2025-10-21 15:47:16] main.ALERT: Redis exception caught: Connection lost {"type":"fail","log":"Connection lost","time":1761061636,"worker":"b42a4820465b:385"} []
[2025-10-21 15:47:16] main.ALERT: Redis exception caught: Connection lost {"type":"fail","log":"Connection lost","time":1761061636,"worker":"b42a4820465b:401"} []
[2025-10-21 15:47:17] main.ALERT: Redis exception caught: Connection lost {"type":"fail","log":"Connection lost","time":1761061637,"worker":"b42a4820465b:417"} []
[2025-10-21 15:47:20] main.ALERT: Redis exception caught: Redis server redis:6379 went away {"type":"fail","log":"Redis server redis:6379 went away","time":1761061640,"worker":"b42a4820465b:353"} []
[2025-10-21 15:47:21] main.ALERT: Redis exception caught: Redis server redis:6379 went away {"type":"fail","log":"Redis server redis:6379 went away","time":1761061641,"worker":"b42a4820465b:369"} []
[2025-10-21 15:47:21] main.ALERT: Redis exception caught: Redis server redis:6379 went away {"type":"fail","log":"Redis server redis:6379 went away","time":1761061641,"worker":"b42a4820465b:385"} []
[2025-10-21 15:47:21] main.ALERT: Redis exception caught: Redis server redis:6379 went away {"type":"fail","log":"Redis server redis:6379 went away","time":1761061641,"worker":"b42a4820465b:401"} []
[2025-10-21 15:47:22] main.ALERT: Redis exception caught: Redis server redis:6379 went away {"type":"fail","log":"Redis server redis:6379 went away","time":1761061642,"worker":"b42a4820465b:417"} []
[2025-10-21 15:56:22] main.INFO: Starting worker 8e446b28b276:370:default {"type":"start","worker":"8e446b28b276:370:default"} []
[2025-10-21 15:56:23] main.INFO: Starting worker 8e446b28b276:386:prio {"type":"start","worker":"8e446b28b276:386:prio"} []
[2025-10-21 15:56:23] main.INFO: Starting worker 8e446b28b276:402:cache {"type":"start","worker":"8e446b28b276:402:cache"} []
[2025-10-21 15:56:24] main.INFO: Starting worker 8e446b28b276:418:email {"type":"start","worker":"8e446b28b276:418:email"} []
[2025-10-21 15:56:24] main.INFO: Starting worker 8e446b28b276:434:update {"type":"start","worker":"8e446b28b276:434:update"} []
[2025-10-21 16:01:13] main.ALERT: Redis exception caught: Connection lost {"type":"fail","log":"Connection lost","time":1761062473,"worker":"8e446b28b276:370"} []
[2025-10-21 16:01:13] main.ALERT: Redis exception caught: Connection lost {"type":"fail","log":"Connection lost","time":1761062473,"worker":"8e446b28b276:386"} []
[2025-10-21 16:01:13] main.ALERT: Redis exception caught: Connection lost {"type":"fail","log":"Connection lost","time":1761062473,"worker":"8e446b28b276:402"} []
[2025-10-21 16:01:14] main.ALERT: Redis exception caught: Connection lost {"type":"fail","log":"Connection lost","time":1761062474,"worker":"8e446b28b276:418"} []
[2025-10-21 16:01:14] main.ALERT: Redis exception caught: Connection lost {"type":"fail","log":"Connection lost","time":1761062474,"worker":"8e446b28b276:434"} []
[2025-10-21 16:01:18] main.ALERT: Redis exception caught: Redis server redis:6379 went away {"type":"fail","log":"Redis server redis:6379 went away","time":1761062478,"worker":"8e446b28b276:370"} []
[2025-10-21 16:01:18] main.ALERT: Redis exception caught: Redis server redis:6379 went away {"type":"fail","log":"Redis server redis:6379 went away","time":1761062478,"worker":"8e446b28b276:386"} []
[2025-10-21 16:01:18] main.ALERT: Redis exception caught: Redis server redis:6379 went away {"type":"fail","log":"Redis server redis:6379 went away","time":1761062478,"worker":"8e446b28b276:402"} []
[2025-10-21 16:01:19] main.ALERT: Redis exception caught: Redis server redis:6379 went away {"type":"fail","log":"Redis server redis:6379 went away","time":1761062479,"worker":"8e446b28b276:418"} []
[2025-10-21 16:01:19] main.ALERT: Redis exception caught: Redis server redis:6379 went away {"type":"fail","log":"Redis server redis:6379 went away","time":1761062479,"worker":"8e446b28b276:434"} []
[2025-10-21 16:02:06] main.INFO: Starting worker 8e446b28b276:240:default {"type":"start","worker":"8e446b28b276:240:default"} []
[2025-10-21 16:02:07] main.INFO: Starting worker 8e446b28b276:256:prio {"type":"start","worker":"8e446b28b276:256:prio"} []
[2025-10-21 16:02:07] main.INFO: Starting worker 8e446b28b276:272:cache {"type":"start","worker":"8e446b28b276:272:cache"} []
[2025-10-21 16:02:07] main.INFO: Starting worker 8e446b28b276:288:email {"type":"start","worker":"8e446b28b276:288:email"} []
[2025-10-21 16:02:08] main.INFO: Starting worker 8e446b28b276:304:update {"type":"start","worker":"8e446b28b276:304:update"} []
[2025-10-21 16:03:06] main.ALERT: Redis exception caught: Connection lost {"type":"fail","log":"Connection lost","time":1761062586,"worker":"8e446b28b276:240"} []
[2025-10-21 16:03:07] main.ALERT: Redis exception caught: Connection lost {"type":"fail","log":"Connection lost","time":1761062587,"worker":"8e446b28b276:256"} []
[2025-10-21 16:03:07] main.ALERT: Redis exception caught: Connection lost {"type":"fail","log":"Connection lost","time":1761062587,"worker":"8e446b28b276:272"} []
[2025-10-21 16:03:07] main.ALERT: Redis exception caught: Connection lost {"type":"fail","log":"Connection lost","time":1761062587,"worker":"8e446b28b276:288"} []
[2025-10-21 16:03:08] main.ALERT: Redis exception caught: Connection lost {"type":"fail","log":"Connection lost","time":1761062588,"worker":"8e446b28b276:304"} []
[2025-10-21 16:03:11] main.ALERT: Redis exception caught: Redis server redis:6379 went away {"type":"fail","log":"Redis server redis:6379 went away","time":1761062591,"worker":"8e446b28b276:240"} []
[2025-10-21 16:03:12] main.ALERT: Redis exception caught: Redis server redis:6379 went away {"type":"fail","log":"Redis server redis:6379 went away","time":1761062592,"worker":"8e446b28b276:256"} []
[2025-10-21 16:03:12] main.ALERT: Redis exception caught: Redis server redis:6379 went away {"type":"fail","log":"Redis server redis:6379 went away","time":1761062592,"worker":"8e446b28b276:272"} []
[2025-10-21 16:03:12] main.ALERT: Redis exception caught: Redis server redis:6379 went away {"type":"fail","log":"Redis server redis:6379 went away","time":1761062592,"worker":"8e446b28b276:288"} []
[2025-10-21 16:03:13] main.ALERT: Redis exception caught: Redis server redis:6379 went away {"type":"fail","log":"Redis server redis:6379 went away","time":1761062593,"worker":"8e446b28b276:304"} []
[2025-10-21 16:04:56] main.INFO: Starting worker 67b374758803:374:default {"type":"start","worker":"67b374758803:374:default"} []
[2025-10-21 16:04:56] main.INFO: Starting worker 67b374758803:390:prio {"type":"start","worker":"67b374758803:390:prio"} []
[2025-10-21 16:04:56] main.INFO: Starting worker 67b374758803:406:cache {"type":"start","worker":"67b374758803:406:cache"} []
[2025-10-21 16:04:57] main.INFO: Starting worker 67b374758803:422:email {"type":"start","worker":"67b374758803:422:email"} []
[2025-10-21 16:04:57] main.INFO: Starting worker 67b374758803:438:update {"type":"start","worker":"67b374758803:438:update"} []
[2025-10-21 16:11:06] main.ALERT: Redis exception caught: Connection lost {"type":"fail","log":"Connection lost","time":1761063066,"worker":"67b374758803:374"} []
[2025-10-21 16:11:06] main.ALERT: Redis exception caught: Connection lost {"type":"fail","log":"Connection lost","time":1761063066,"worker":"67b374758803:390"} []
[2025-10-21 16:11:06] main.ALERT: Redis exception caught: Connection lost {"type":"fail","log":"Connection lost","time":1761063066,"worker":"67b374758803:406"} []
[2025-10-21 16:11:07] main.ALERT: Redis exception caught: Connection lost {"type":"fail","log":"Connection lost","time":1761063067,"worker":"67b374758803:422"} []
[2025-10-21 16:11:07] main.ALERT: Redis exception caught: Connection lost {"type":"fail","log":"Connection lost","time":1761063067,"worker":"67b374758803:438"} []
[2025-10-21 16:11:11] main.ALERT: Redis exception caught: Redis server redis:6379 went away {"type":"fail","log":"Redis server redis:6379 went away","time":1761063071,"worker":"67b374758803:374"} []
[2025-10-21 16:11:11] main.ALERT: Redis exception caught: Redis server redis:6379 went away {"type":"fail","log":"Redis server redis:6379 went away","time":1761063071,"worker":"67b374758803:390"} []
[2025-10-21 16:11:11] main.ALERT: Redis exception caught: Redis server redis:6379 went away {"type":"fail","log":"Redis server redis:6379 went away","time":1761063071,"worker":"67b374758803:406"} []
[2025-10-21 16:11:12] main.ALERT: Redis exception caught: Redis server redis:6379 went away {"type":"fail","log":"Redis server redis:6379 went away","time":1761063072,"worker":"67b374758803:422"} []
[2025-10-21 16:11:12] main.ALERT: Redis exception caught: Redis server redis:6379 went away {"type":"fail","log":"Redis server redis:6379 went away","time":1761063072,"worker":"67b374758803:438"} []
[2025-10-21 16:12:34] main.INFO: Starting worker 37fcb2b0c835:366:default {"type":"start","worker":"37fcb2b0c835:366:default"} []
[2025-10-21 16:12:35] main.INFO: Starting worker 37fcb2b0c835:382:prio {"type":"start","worker":"37fcb2b0c835:382:prio"} []
[2025-10-21 16:12:35] main.INFO: Starting worker 37fcb2b0c835:398:cache {"type":"start","worker":"37fcb2b0c835:398:cache"} []
[2025-10-21 16:12:35] main.INFO: Starting worker 37fcb2b0c835:414:email {"type":"start","worker":"37fcb2b0c835:414:email"} []
[2025-10-21 16:12:36] main.INFO: Starting worker 37fcb2b0c835:430:update {"type":"start","worker":"37fcb2b0c835:430:update"} []
[2025-10-21 16:15:11] main.INFO: got {"queue":"update","id":"98b82db0d11f08ba4dfa0b11d0a42860","class":"AdminShell","args":[["runUpdates",1]]} {"type":"got","args":"[object] (Resque_Job: {\"queue\":\"update\",\"id\":\"98b82db0d11f08ba4dfa0b11d0a42860\",\"class\":\"AdminShell\",\"args\":[[\"runUpdates\",1]]})","worker":"37fcb2b0c835:430"} []
[2025-10-21 16:15:11] main.INFO: Processing ID:98b82db0d11f08ba4dfa0b11d0a42860 in update {"type":"process","worker":"37fcb2b0c835:430","job_id":"98b82db0d11f08ba4dfa0b11d0a42860"} []
[2025-10-21 16:15:14] main.INFO: done ID:98b82db0d11f08ba4dfa0b11d0a42860 {"type":"done","job_id":"98b82db0d11f08ba4dfa0b11d0a42860","time":2927,"worker":"37fcb2b0c835:430"} []
[2025-10-21 16:15:14] main.INFO: got {"queue":"update","id":"47dc27e3c66377b9f335cac6a1cb917f","class":"AdminShell","args":[["runUpdates",2]]} {"type":"got","args":"[object] (Resque_Job: {\"queue\":\"update\",\"id\":\"47dc27e3c66377b9f335cac6a1cb917f\",\"class\":\"AdminShell\",\"args\":[[\"runUpdates\",2]]})","worker":"37fcb2b0c835:430"} []
[2025-10-21 16:15:14] main.INFO: Processing ID:47dc27e3c66377b9f335cac6a1cb917f in update {"type":"process","worker":"37fcb2b0c835:430","job_id":"47dc27e3c66377b9f335cac6a1cb917f"} []
[2025-10-21 16:15:14] main.INFO: done ID:47dc27e3c66377b9f335cac6a1cb917f {"type":"done","job_id":"47dc27e3c66377b9f335cac6a1cb917f","time":74,"worker":"37fcb2b0c835:430"} []
[2025-10-21 16:15:14] main.INFO: got {"queue":"default","id":"05b698cdaea6f5a4c63d8e9dda39e1c4","class":"AdminShell","args":[["truncateTable",0,"Legacy",3]]} {"type":"got","args":"[object] (Resque_Job: {\"queue\":\"default\",\"id\":\"05b698cdaea6f5a4c63d8e9dda39e1c4\",\"class\":\"AdminShell\",\"args\":[[\"truncateTable\",0,\"Legacy\",3]]})","worker":"37fcb2b0c835:366"} []
[2025-10-21 16:15:14] main.INFO: Processing ID:05b698cdaea6f5a4c63d8e9dda39e1c4 in default {"type":"process","worker":"37fcb2b0c835:366","job_id":"05b698cdaea6f5a4c63d8e9dda39e1c4"} []
[2025-10-21 16:15:14] main.INFO: done ID:05b698cdaea6f5a4c63d8e9dda39e1c4 {"type":"done","job_id":"05b698cdaea6f5a4c63d8e9dda39e1c4","time":50,"worker":"37fcb2b0c835:366"} []
[2025-10-21 16:15:14] main.INFO: got {"queue":"default","id":"bf3a1d2b6934cbfae4eee0af414bc4d6","class":"AdminShell","args":[["jobGenerateCorrelation",4]]} {"type":"got","args":"[object] (Resque_Job: {\"queue\":\"default\",\"id\":\"bf3a1d2b6934cbfae4eee0af414bc4d6\",\"class\":\"AdminShell\",\"args\":[[\"jobGenerateCorrelation\",4]]})","worker":"37fcb2b0c835:366"} []
[2025-10-21 16:15:14] main.INFO: Processing ID:bf3a1d2b6934cbfae4eee0af414bc4d6 in default {"type":"process","worker":"37fcb2b0c835:366","job_id":"bf3a1d2b6934cbfae4eee0af414bc4d6"} []
[2025-10-21 16:15:14] main.INFO: done ID:bf3a1d2b6934cbfae4eee0af414bc4d6 {"type":"done","job_id":"bf3a1d2b6934cbfae4eee0af414bc4d6","time":57,"worker":"37fcb2b0c835:366"} []
[2025-10-21 17:12:36] main.INFO: Exiting... {"type":"shutdown","worker":"37fcb2b0c835:366"} []
[2025-10-21 17:12:36] main.INFO: Exiting... {"type":"shutdown","worker":"37fcb2b0c835:382"} []
[2025-10-21 17:12:36] main.INFO: Exiting... {"type":"shutdown","worker":"37fcb2b0c835:398"} []
[2025-10-21 17:12:36] main.INFO: Exiting... {"type":"shutdown","worker":"37fcb2b0c835:414"} []
[2025-10-21 17:12:36] main.INFO: Exiting... {"type":"shutdown","worker":"37fcb2b0c835:430"} []
[2025-10-21 17:12:36] main.INFO: Starting worker 37fcb2b0c835:579:default {"type":"start","worker":"37fcb2b0c835:579:default"} []
[2025-10-21 17:12:37] main.INFO: Starting worker 37fcb2b0c835:595:prio {"type":"start","worker":"37fcb2b0c835:595:prio"} []
[2025-10-21 17:12:37] main.INFO: Starting worker 37fcb2b0c835:611:cache {"type":"start","worker":"37fcb2b0c835:611:cache"} []
[2025-10-21 17:12:38] main.INFO: Starting worker 37fcb2b0c835:627:email {"type":"start","worker":"37fcb2b0c835:627:email"} []
[2025-10-21 17:12:38] main.INFO: Starting worker 37fcb2b0c835:643:update {"type":"start","worker":"37fcb2b0c835:643:update"} []
[2025-10-21 19:11:47] main.INFO: Exiting... {"type":"shutdown","worker":"37fcb2b0c835:579"} []
[2025-10-21 19:11:47] main.INFO: Exiting... {"type":"shutdown","worker":"37fcb2b0c835:595"} []
[2025-10-21 19:11:47] main.INFO: Exiting... {"type":"shutdown","worker":"37fcb2b0c835:611"} []
[2025-10-21 19:11:47] main.INFO: Exiting... {"type":"shutdown","worker":"37fcb2b0c835:627"} []
[2025-10-21 19:11:47] main.INFO: Exiting... {"type":"shutdown","worker":"37fcb2b0c835:643"} []
[2025-10-21 19:11:47] main.INFO: Starting worker 37fcb2b0c835:787:default {"type":"start","worker":"37fcb2b0c835:787:default"} []
[2025-10-21 19:11:48] main.INFO: Starting worker 37fcb2b0c835:803:prio {"type":"start","worker":"37fcb2b0c835:803:prio"} []
[2025-10-21 19:11:48] main.INFO: Starting worker 37fcb2b0c835:819:cache {"type":"start","worker":"37fcb2b0c835:819:cache"} []
[2025-10-21 19:11:48] main.INFO: Starting worker 37fcb2b0c835:835:email {"type":"start","worker":"37fcb2b0c835:835:email"} []
[2025-10-21 19:11:49] main.INFO: Starting worker 37fcb2b0c835:851:update {"type":"start","worker":"37fcb2b0c835:851:update"} []
[2025-10-21 20:02:28] main.ALERT: Redis exception caught: Connection lost {"type":"fail","log":"Connection lost","time":1761076948,"worker":"37fcb2b0c835:819"} []
[2025-10-21 20:02:29] main.ALERT: Redis exception caught: Connection lost {"type":"fail","log":"Connection lost","time":1761076949,"worker":"37fcb2b0c835:835"} []
[2025-10-21 20:02:29] main.ALERT: Redis exception caught: Connection lost {"type":"fail","log":"Connection lost","time":1761076949,"worker":"37fcb2b0c835:851"} []
[2025-10-21 20:02:32] main.ALERT: Redis exception caught: Connection lost {"type":"fail","log":"Connection lost","time":1761076952,"worker":"37fcb2b0c835:787"} []
[2025-10-21 20:02:33] main.ALERT: Redis exception caught: Connection lost {"type":"fail","log":"Connection lost","time":1761076953,"worker":"37fcb2b0c835:803"} []
[2025-10-21 20:02:33] main.ALERT: Redis exception caught: Redis server redis:6379 went away {"type":"fail","log":"Redis server redis:6379 went away","time":1761076953,"worker":"37fcb2b0c835:819"} []
[2025-10-21 20:02:34] main.ALERT: Redis exception caught: Redis server redis:6379 went away {"type":"fail","log":"Redis server redis:6379 went away","time":1761076954,"worker":"37fcb2b0c835:835"} []
[2025-10-21 20:02:34] main.ALERT: Redis exception caught: Redis server redis:6379 went away {"type":"fail","log":"Redis server redis:6379 went away","time":1761076954,"worker":"37fcb2b0c835:851"} []
[2025-10-21 20:06:34] main.INFO: Starting worker 129a4171a4f7:353:default {"type":"start","worker":"129a4171a4f7:353:default"} []
[2025-10-21 20:06:35] main.INFO: Starting worker 129a4171a4f7:369:prio {"type":"start","worker":"129a4171a4f7:369:prio"} []
[2025-10-21 20:06:35] main.INFO: Starting worker 129a4171a4f7:385:cache {"type":"start","worker":"129a4171a4f7:385:cache"} []
[2025-10-21 20:06:35] main.INFO: Starting worker 129a4171a4f7:401:email {"type":"start","worker":"129a4171a4f7:401:email"} []
[2025-10-21 20:06:36] main.INFO: Starting worker 129a4171a4f7:417:update {"type":"start","worker":"129a4171a4f7:417:update"} []
[2025-10-21 20:14:29] main.ALERT: Redis exception caught: Connection lost {"type":"fail","log":"Connection lost","time":1761077669,"worker":"129a4171a4f7:353"} []
[2025-10-21 20:14:30] main.ALERT: Redis exception caught: Connection lost {"type":"fail","log":"Connection lost","time":1761077670,"worker":"129a4171a4f7:369"} []
[2025-10-21 20:14:30] main.ALERT: Redis exception caught: Connection lost {"type":"fail","log":"Connection lost","time":1761077670,"worker":"129a4171a4f7:385"} []
[2025-10-21 20:14:31] main.ALERT: Redis exception caught: Connection lost {"type":"fail","log":"Connection lost","time":1761077671,"worker":"129a4171a4f7:401"} []
[2025-10-21 20:14:31] main.ALERT: Redis exception caught: Connection lost {"type":"fail","log":"Connection lost","time":1761077671,"worker":"129a4171a4f7:417"} []
[2025-10-21 20:14:34] main.ALERT: Redis exception caught: Redis server redis:6379 went away {"type":"fail","log":"Redis server redis:6379 went away","time":1761077674,"worker":"129a4171a4f7:353"} []
[2025-10-21 20:14:35] main.ALERT: Redis exception caught: Redis server redis:6379 went away {"type":"fail","log":"Redis server redis:6379 went away","time":1761077675,"worker":"129a4171a4f7:369"} []
[2025-10-21 20:14:35] main.ALERT: Redis exception caught: Redis server redis:6379 went away {"type":"fail","log":"Redis server redis:6379 went away","time":1761077675,"worker":"129a4171a4f7:385"} []
[2025-10-21 20:14:36] main.ALERT: Redis exception caught: Redis server redis:6379 went away {"type":"fail","log":"Redis server redis:6379 went away","time":1761077676,"worker":"129a4171a4f7:401"} []
[2025-10-21 20:14:36] main.ALERT: Redis exception caught: Redis server redis:6379 went away {"type":"fail","log":"Redis server redis:6379 went away","time":1761077676,"worker":"129a4171a4f7:417"} []
[2025-10-21 20:16:15] main.INFO: Starting worker d4616399604c:366:default {"type":"start","worker":"d4616399604c:366:default"} []
[2025-10-21 20:16:16] main.INFO: Starting worker d4616399604c:382:prio {"type":"start","worker":"d4616399604c:382:prio"} []
[2025-10-21 20:16:16] main.INFO: Starting worker d4616399604c:398:cache {"type":"start","worker":"d4616399604c:398:cache"} []
[2025-10-21 20:16:16] main.INFO: Starting worker d4616399604c:414:email {"type":"start","worker":"d4616399604c:414:email"} []
[2025-10-21 20:16:17] main.INFO: Starting worker d4616399604c:430:update {"type":"start","worker":"d4616399604c:430:update"} []
[2025-10-21 21:16:17] main.INFO: Exiting... {"type":"shutdown","worker":"d4616399604c:366"} []
[2025-10-21 21:16:17] main.INFO: Exiting... {"type":"shutdown","worker":"d4616399604c:382"} []
[2025-10-21 21:16:17] main.INFO: Exiting... {"type":"shutdown","worker":"d4616399604c:398"} []
[2025-10-21 21:16:17] main.INFO: Exiting... {"type":"shutdown","worker":"d4616399604c:414"} []
[2025-10-21 21:16:17] main.INFO: Exiting... {"type":"shutdown","worker":"d4616399604c:430"} []
[2025-10-21 21:16:18] main.INFO: Starting worker d4616399604c:574:default {"type":"start","worker":"d4616399604c:574:default"} []
[2025-10-21 21:16:18] main.INFO: Starting worker d4616399604c:590:prio {"type":"start","worker":"d4616399604c:590:prio"} []
[2025-10-21 21:16:18] main.INFO: Starting worker d4616399604c:606:cache {"type":"start","worker":"d4616399604c:606:cache"} []
[2025-10-21 21:16:19] main.INFO: Starting worker d4616399604c:622:email {"type":"start","worker":"d4616399604c:622:email"} []
[2025-10-21 21:16:19] main.INFO: Starting worker d4616399604c:638:update {"type":"start","worker":"d4616399604c:638:update"} []
[2025-10-21 21:20:59] main.INFO: got {"queue":"update","id":"5b612423e66e22247dcfa9b9a5323e30","class":"AdminShell","args":[["runUpdates",1]]} {"type":"got","args":"[object] (Resque_Job: {\"queue\":\"update\",\"id\":\"5b612423e66e22247dcfa9b9a5323e30\",\"class\":\"AdminShell\",\"args\":[[\"runUpdates\",1]]})","worker":"d4616399604c:638"} []
[2025-10-21 21:20:59] main.INFO: Processing ID:5b612423e66e22247dcfa9b9a5323e30 in update {"type":"process","worker":"d4616399604c:638","job_id":"5b612423e66e22247dcfa9b9a5323e30"} []
[2025-10-21 21:21:02] main.INFO: done ID:5b612423e66e22247dcfa9b9a5323e30 {"type":"done","job_id":"5b612423e66e22247dcfa9b9a5323e30","time":2751,"worker":"d4616399604c:638"} []
[2025-10-21 21:21:02] main.INFO: got {"queue":"update","id":"4804a1ff3d4f3e9313353442a349be5d","class":"AdminShell","args":[["runUpdates",2]]} {"type":"got","args":"[object] (Resque_Job: {\"queue\":\"update\",\"id\":\"4804a1ff3d4f3e9313353442a349be5d\",\"class\":\"AdminShell\",\"args\":[[\"runUpdates\",2]]})","worker":"d4616399604c:638"} []
[2025-10-21 21:21:02] main.INFO: Processing ID:4804a1ff3d4f3e9313353442a349be5d in update {"type":"process","worker":"d4616399604c:638","job_id":"4804a1ff3d4f3e9313353442a349be5d"} []
[2025-10-21 21:21:02] main.INFO: done ID:4804a1ff3d4f3e9313353442a349be5d {"type":"done","job_id":"4804a1ff3d4f3e9313353442a349be5d","time":53,"worker":"d4616399604c:638"} []
[2025-10-21 21:21:03] main.INFO: got {"queue":"default","id":"ec2d50203ee5233173139f7ad0ee4469","class":"AdminShell","args":[["truncateTable",0,"Legacy",3]]} {"type":"got","args":"[object] (Resque_Job: {\"queue\":\"default\",\"id\":\"ec2d50203ee5233173139f7ad0ee4469\",\"class\":\"AdminShell\",\"args\":[[\"truncateTable\",0,\"Legacy\",3]]})","worker":"d4616399604c:574"} []
[2025-10-21 21:21:03] main.INFO: Processing ID:ec2d50203ee5233173139f7ad0ee4469 in default {"type":"process","worker":"d4616399604c:574","job_id":"ec2d50203ee5233173139f7ad0ee4469"} []
[2025-10-21 21:21:03] main.INFO: done ID:ec2d50203ee5233173139f7ad0ee4469 {"type":"done","job_id":"ec2d50203ee5233173139f7ad0ee4469","time":52,"worker":"d4616399604c:574"} []
[2025-10-21 21:21:03] main.INFO: got {"queue":"default","id":"7a49f4fee3ac26abb20345327d042bd7","class":"AdminShell","args":[["jobGenerateCorrelation",4]]} {"type":"got","args":"[object] (Resque_Job: {\"queue\":\"default\",\"id\":\"7a49f4fee3ac26abb20345327d042bd7\",\"class\":\"AdminShell\",\"args\":[[\"jobGenerateCorrelation\",4]]})","worker":"d4616399604c:574"} []
[2025-10-21 21:21:03] main.INFO: Processing ID:7a49f4fee3ac26abb20345327d042bd7 in default {"type":"process","worker":"d4616399604c:574","job_id":"7a49f4fee3ac26abb20345327d042bd7"} []
[2025-10-21 21:21:03] main.INFO: done ID:7a49f4fee3ac26abb20345327d042bd7 {"type":"done","job_id":"7a49f4fee3ac26abb20345327d042bd7","time":62,"worker":"d4616399604c:574"} []
[2025-10-21 21:45:09] main.INFO: Starting worker d4616399604c:234:default {"type":"start","worker":"d4616399604c:234:default"} []
[2025-10-21 21:45:09] main.INFO: Starting worker d4616399604c:250:prio {"type":"start","worker":"d4616399604c:250:prio"} []
[2025-10-21 21:45:09] main.INFO: Starting worker d4616399604c:266:cache {"type":"start","worker":"d4616399604c:266:cache"} []
[2025-10-21 21:45:10] main.INFO: Starting worker d4616399604c:282:email {"type":"start","worker":"d4616399604c:282:email"} []
[2025-10-21 21:45:10] main.INFO: Starting worker d4616399604c:298:update {"type":"start","worker":"d4616399604c:298:update"} []
[2025-10-21 21:57:34] main.INFO: Starting worker 888736aed3bd:354:default {"type":"start","worker":"888736aed3bd:354:default"} []
[2025-10-21 21:57:35] main.INFO: Starting worker 888736aed3bd:370:prio {"type":"start","worker":"888736aed3bd:370:prio"} []
[2025-10-21 21:57:35] main.INFO: Starting worker 888736aed3bd:386:cache {"type":"start","worker":"888736aed3bd:386:cache"} []
[2025-10-21 21:57:36] main.INFO: Starting worker 888736aed3bd:402:email {"type":"start","worker":"888736aed3bd:402:email"} []
[2025-10-21 21:57:36] main.INFO: Starting worker 888736aed3bd:418:update {"type":"start","worker":"888736aed3bd:418:update"} []
[2025-10-21 22:03:12] main.INFO: Starting worker 888736aed3bd:246:default {"type":"start","worker":"888736aed3bd:246:default"} []
[2025-10-21 22:03:13] main.INFO: Starting worker 888736aed3bd:262:prio {"type":"start","worker":"888736aed3bd:262:prio"} []
[2025-10-21 22:03:13] main.INFO: Starting worker 888736aed3bd:278:cache {"type":"start","worker":"888736aed3bd:278:cache"} []
[2025-10-21 22:03:13] main.INFO: Starting worker 888736aed3bd:294:email {"type":"start","worker":"888736aed3bd:294:email"} []
[2025-10-21 22:03:14] main.INFO: Starting worker 888736aed3bd:310:update {"type":"start","worker":"888736aed3bd:310:update"} []
[2025-10-21 22:04:08] main.INFO: Starting worker 888736aed3bd:246:default {"type":"start","worker":"888736aed3bd:246:default"} []
[2025-10-21 22:04:09] main.INFO: Starting worker 888736aed3bd:262:prio {"type":"start","worker":"888736aed3bd:262:prio"} []
[2025-10-21 22:04:09] main.INFO: Starting worker 888736aed3bd:278:cache {"type":"start","worker":"888736aed3bd:278:cache"} []
[2025-10-21 22:04:09] main.INFO: Starting worker 888736aed3bd:294:email {"type":"start","worker":"888736aed3bd:294:email"} []
[2025-10-21 22:04:10] main.INFO: Starting worker 888736aed3bd:310:update {"type":"start","worker":"888736aed3bd:310:update"} []
[2025-10-21 22:06:18] main.INFO: Starting worker a09e02b62198:366:default {"type":"start","worker":"a09e02b62198:366:default"} []
[2025-10-21 22:06:18] main.INFO: Starting worker a09e02b62198:382:prio {"type":"start","worker":"a09e02b62198:382:prio"} []
[2025-10-21 22:06:18] main.INFO: Starting worker a09e02b62198:398:cache {"type":"start","worker":"a09e02b62198:398:cache"} []
[2025-10-21 22:06:19] main.INFO: Starting worker a09e02b62198:414:email {"type":"start","worker":"a09e02b62198:414:email"} []
[2025-10-21 22:06:19] main.INFO: Starting worker a09e02b62198:430:update {"type":"start","worker":"a09e02b62198:430:update"} []
[2025-10-21 22:13:06] main.INFO: Starting worker 4d44c19fc11e:372:default {"type":"start","worker":"4d44c19fc11e:372:default"} []
[2025-10-21 22:13:07] main.INFO: Starting worker 4d44c19fc11e:388:prio {"type":"start","worker":"4d44c19fc11e:388:prio"} []
[2025-10-21 22:13:07] main.INFO: Starting worker 4d44c19fc11e:404:cache {"type":"start","worker":"4d44c19fc11e:404:cache"} []
[2025-10-21 22:13:07] main.INFO: Starting worker 4d44c19fc11e:420:email {"type":"start","worker":"4d44c19fc11e:420:email"} []
[2025-10-21 22:13:08] main.INFO: Starting worker 4d44c19fc11e:436:update {"type":"start","worker":"4d44c19fc11e:436:update"} []
[2025-10-21 22:53:47] main.INFO: Starting worker 4d44c19fc11e:278:default {"type":"start","worker":"4d44c19fc11e:278:default"} []
[2025-10-21 22:53:47] main.INFO: Starting worker 4d44c19fc11e:294:prio {"type":"start","worker":"4d44c19fc11e:294:prio"} []
[2025-10-21 22:53:47] main.INFO: Starting worker 4d44c19fc11e:310:cache {"type":"start","worker":"4d44c19fc11e:310:cache"} []
[2025-10-21 22:53:48] main.INFO: Starting worker 4d44c19fc11e:326:email {"type":"start","worker":"4d44c19fc11e:326:email"} []
[2025-10-21 22:53:48] main.INFO: Starting worker 4d44c19fc11e:342:update {"type":"start","worker":"4d44c19fc11e:342:update"} []
[2025-10-21 23:05:32] main.ALERT: Redis exception caught: Connection lost {"type":"fail","log":"Connection lost","time":1761087932,"worker":"4d44c19fc11e:278"} []
[2025-10-21 23:05:32] main.ALERT: Redis exception caught: Connection lost {"type":"fail","log":"Connection lost","time":1761087932,"worker":"4d44c19fc11e:294"} []
[2025-10-21 23:05:32] main.ALERT: Redis exception caught: Connection lost {"type":"fail","log":"Connection lost","time":1761087932,"worker":"4d44c19fc11e:310"} []
[2025-10-21 23:05:33] main.ALERT: Redis exception caught: Connection lost {"type":"fail","log":"Connection lost","time":1761087933,"worker":"4d44c19fc11e:326"} []
[2025-10-21 23:05:33] main.ALERT: Redis exception caught: Connection lost {"type":"fail","log":"Connection lost","time":1761087933,"worker":"4d44c19fc11e:342"} []
[2025-10-21 23:05:37] main.ALERT: Redis exception caught: Redis server redis:6379 went away {"type":"fail","log":"Redis server redis:6379 went away","time":1761087937,"worker":"4d44c19fc11e:278"} []
[2025-10-21 23:05:37] main.ALERT: Redis exception caught: Redis server redis:6379 went away {"type":"fail","log":"Redis server redis:6379 went away","time":1761087937,"worker":"4d44c19fc11e:294"} []
[2025-10-21 23:05:37] main.ALERT: Redis exception caught: Redis server redis:6379 went away {"type":"fail","log":"Redis server redis:6379 went away","time":1761087937,"worker":"4d44c19fc11e:310"} []
[2025-10-21 23:05:38] main.ALERT: Redis exception caught: Redis server redis:6379 went away {"type":"fail","log":"Redis server redis:6379 went away","time":1761087938,"worker":"4d44c19fc11e:326"} []
[2025-10-21 23:07:28] main.INFO: Starting worker bd68cf71c0d1:365:default {"type":"start","worker":"bd68cf71c0d1:365:default"} []
[2025-10-21 23:07:29] main.INFO: Starting worker bd68cf71c0d1:381:prio {"type":"start","worker":"bd68cf71c0d1:381:prio"} []
[2025-10-21 23:07:29] main.INFO: Starting worker bd68cf71c0d1:397:cache {"type":"start","worker":"bd68cf71c0d1:397:cache"} []
[2025-10-21 23:07:29] main.INFO: Starting worker bd68cf71c0d1:413:email {"type":"start","worker":"bd68cf71c0d1:413:email"} []
[2025-10-21 23:07:30] main.INFO: Starting worker bd68cf71c0d1:429:update {"type":"start","worker":"bd68cf71c0d1:429:update"} []
[2025-10-21 23:13:14] main.ALERT: Redis exception caught: Connection lost {"type":"fail","log":"Connection lost","time":1761088394,"worker":"bd68cf71c0d1:381"} []
[2025-10-21 23:13:14] main.ALERT: Redis exception caught: Connection lost {"type":"fail","log":"Connection lost","time":1761088394,"worker":"bd68cf71c0d1:397"} []
[2025-10-21 23:13:15] main.ALERT: Redis exception caught: Connection lost {"type":"fail","log":"Connection lost","time":1761088395,"worker":"bd68cf71c0d1:413"} []
[2025-10-21 23:13:15] main.ALERT: Redis exception caught: Connection lost {"type":"fail","log":"Connection lost","time":1761088395,"worker":"bd68cf71c0d1:429"} []
[2025-10-21 23:13:18] main.ALERT: Redis exception caught: Connection lost {"type":"fail","log":"Connection lost","time":1761088398,"worker":"bd68cf71c0d1:365"} []
[2025-10-21 23:13:19] main.ALERT: Redis exception caught: Redis server redis:6379 went away {"type":"fail","log":"Redis server redis:6379 went away","time":1761088399,"worker":"bd68cf71c0d1:381"} []
[2025-10-21 23:13:19] main.ALERT: Redis exception caught: Redis server redis:6379 went away {"type":"fail","log":"Redis server redis:6379 went away","time":1761088399,"worker":"bd68cf71c0d1:397"} []
[2025-10-21 23:13:20] main.ALERT: Redis exception caught: Redis server redis:6379 went away {"type":"fail","log":"Redis server redis:6379 went away","time":1761088400,"worker":"bd68cf71c0d1:413"} []
[2025-10-21 23:13:20] main.ALERT: Redis exception caught: Redis server redis:6379 went away {"type":"fail","log":"Redis server redis:6379 went away","time":1761088400,"worker":"bd68cf71c0d1:429"} []
[2025-10-21 23:16:16] main.INFO: Starting worker 6d26c730d8a1:347:default {"type":"start","worker":"6d26c730d8a1:347:default"} []
[2025-10-21 23:16:16] main.INFO: Starting worker 6d26c730d8a1:363:prio {"type":"start","worker":"6d26c730d8a1:363:prio"} []
[2025-10-21 23:16:17] main.INFO: Starting worker 6d26c730d8a1:379:cache {"type":"start","worker":"6d26c730d8a1:379:cache"} []
[2025-10-21 23:16:17] main.INFO: Starting worker 6d26c730d8a1:395:email {"type":"start","worker":"6d26c730d8a1:395:email"} []
[2025-10-21 23:16:17] main.INFO: Starting worker 6d26c730d8a1:411:update {"type":"start","worker":"6d26c730d8a1:411:update"} []
[2025-10-21 23:20:26] main.ALERT: Redis exception caught: Connection lost {"type":"fail","log":"Connection lost","time":1761088826,"worker":"6d26c730d8a1:347"} []
[2025-10-21 23:20:26] main.ALERT: Redis exception caught: Connection lost {"type":"fail","log":"Connection lost","time":1761088826,"worker":"6d26c730d8a1:363"} []
[2025-10-21 23:20:27] main.ALERT: Redis exception caught: Connection lost {"type":"fail","log":"Connection lost","time":1761088827,"worker":"6d26c730d8a1:379"} []
[2025-10-21 23:20:27] main.ALERT: Redis exception caught: Connection lost {"type":"fail","log":"Connection lost","time":1761088827,"worker":"6d26c730d8a1:395"} []
[2025-10-21 23:20:28] main.ALERT: Redis exception caught: Connection lost {"type":"fail","log":"Connection lost","time":1761088828,"worker":"6d26c730d8a1:411"} []
[2025-10-21 23:20:31] main.ALERT: Redis exception caught: Redis server redis:6379 went away {"type":"fail","log":"Redis server redis:6379 went away","time":1761088831,"worker":"6d26c730d8a1:347"} []
[2025-10-21 23:20:31] main.ALERT: Redis exception caught: Redis server redis:6379 went away {"type":"fail","log":"Redis server redis:6379 went away","time":1761088831,"worker":"6d26c730d8a1:363"} []
[2025-10-21 23:20:32] main.ALERT: Redis exception caught: Redis server redis:6379 went away {"type":"fail","log":"Redis server redis:6379 went away","time":1761088832,"worker":"6d26c730d8a1:379"} []
[2025-10-21 23:25:42] main.INFO: Starting worker eaa9de6f7a14:361:default {"type":"start","worker":"eaa9de6f7a14:361:default"} []
[2025-10-21 23:25:42] main.INFO: Starting worker eaa9de6f7a14:377:prio {"type":"start","worker":"eaa9de6f7a14:377:prio"} []
[2025-10-21 23:25:43] main.INFO: Starting worker eaa9de6f7a14:393:cache {"type":"start","worker":"eaa9de6f7a14:393:cache"} []
[2025-10-21 23:25:43] main.INFO: Starting worker eaa9de6f7a14:409:email {"type":"start","worker":"eaa9de6f7a14:409:email"} []
[2025-10-21 23:25:44] main.INFO: Starting worker eaa9de6f7a14:425:update {"type":"start","worker":"eaa9de6f7a14:425:update"} []
[2025-10-21 23:27:48] main.ALERT: Redis exception caught: Connection lost {"type":"fail","log":"Connection lost","time":1761089268,"worker":"eaa9de6f7a14:393"} []
[2025-10-21 23:27:48] main.ALERT: Redis exception caught: Connection lost {"type":"fail","log":"Connection lost","time":1761089268,"worker":"eaa9de6f7a14:409"} []
[2025-10-21 23:27:49] main.ALERT: Redis exception caught: Connection lost {"type":"fail","log":"Connection lost","time":1761089269,"worker":"eaa9de6f7a14:425"} []
[2025-10-21 23:27:52] main.ALERT: Redis exception caught: Connection lost {"type":"fail","log":"Connection lost","time":1761089272,"worker":"eaa9de6f7a14:361"} []
[2025-10-21 23:27:52] main.ALERT: Redis exception caught: Connection lost {"type":"fail","log":"Connection lost","time":1761089272,"worker":"eaa9de6f7a14:377"} []
[2025-10-21 23:27:53] main.ALERT: Redis exception caught: Redis server redis:6379 went away {"type":"fail","log":"Redis server redis:6379 went away","time":1761089273,"worker":"eaa9de6f7a14:393"} []
[2025-10-21 23:27:53] main.ALERT: Redis exception caught: Redis server redis:6379 went away {"type":"fail","log":"Redis server redis:6379 went away","time":1761089273,"worker":"eaa9de6f7a14:409"} []
[2025-10-21 23:27:54] main.ALERT: Redis exception caught: Redis server redis:6379 went away {"type":"fail","log":"Redis server redis:6379 went away","time":1761089274,"worker":"eaa9de6f7a14:425"} []
[2025-10-21 23:32:09] main.INFO: Starting worker b339bcb6d1a3:355:default {"type":"start","worker":"b339bcb6d1a3:355:default"} []
[2025-10-21 23:32:09] main.INFO: Starting worker b339bcb6d1a3:371:prio {"type":"start","worker":"b339bcb6d1a3:371:prio"} []
[2025-10-21 23:32:10] main.INFO: Starting worker b339bcb6d1a3:387:cache {"type":"start","worker":"b339bcb6d1a3:387:cache"} []
[2025-10-21 23:32:10] main.INFO: Starting worker b339bcb6d1a3:403:email {"type":"start","worker":"b339bcb6d1a3:403:email"} []
[2025-10-21 23:32:10] main.INFO: Starting worker b339bcb6d1a3:419:update {"type":"start","worker":"b339bcb6d1a3:419:update"} []
[2025-10-21 23:50:40] main.ALERT: Redis exception caught: Connection lost {"type":"fail","log":"Connection lost","time":1761090640,"worker":"b339bcb6d1a3:419"} []
[2025-10-21 23:50:44] main.ALERT: Redis exception caught: Connection lost {"type":"fail","log":"Connection lost","time":1761090644,"worker":"b339bcb6d1a3:355"} []
[2025-10-21 23:50:44] main.ALERT: Redis exception caught: Connection lost {"type":"fail","log":"Connection lost","time":1761090644,"worker":"b339bcb6d1a3:371"} []
[2025-10-21 23:50:45] main.ALERT: Redis exception caught: Connection lost {"type":"fail","log":"Connection lost","time":1761090645,"worker":"b339bcb6d1a3:387"} []
[2025-10-21 23:50:45] main.ALERT: Redis exception caught: Connection lost {"type":"fail","log":"Connection lost","time":1761090645,"worker":"b339bcb6d1a3:403"} []
[2025-10-21 23:50:45] main.ALERT: Redis exception caught: Redis server redis:6379 went away {"type":"fail","log":"Redis server redis:6379 went away","time":1761090645,"worker":"b339bcb6d1a3:419"} []
[2025-10-21 23:50:49] main.ALERT: Redis exception caught: Redis server redis:6379 went away {"type":"fail","log":"Redis server redis:6379 went away","time":1761090649,"worker":"b339bcb6d1a3:355"} []
[2025-10-21 23:50:49] main.ALERT: Redis exception caught: Redis server redis:6379 went away {"type":"fail","log":"Redis server redis:6379 went away","time":1761090649,"worker":"b339bcb6d1a3:371"} []
[2025-10-21 23:52:12] main.INFO: Starting worker 8d45ce7fbaea:355:default {"type":"start","worker":"8d45ce7fbaea:355:default"} []
[2025-10-21 23:52:12] main.INFO: Starting worker 8d45ce7fbaea:371:prio {"type":"start","worker":"8d45ce7fbaea:371:prio"} []
[2025-10-21 23:52:12] main.INFO: Starting worker 8d45ce7fbaea:387:cache {"type":"start","worker":"8d45ce7fbaea:387:cache"} []
[2025-10-21 23:52:13] main.INFO: Starting worker 8d45ce7fbaea:403:email {"type":"start","worker":"8d45ce7fbaea:403:email"} []
[2025-10-21 23:52:13] main.INFO: Starting worker 8d45ce7fbaea:419:update {"type":"start","worker":"8d45ce7fbaea:419:update"} []
[2025-10-21 23:55:48] main.ALERT: Redis exception caught: Connection lost {"type":"fail","log":"Connection lost","time":1761090948,"worker":"8d45ce7fbaea:419"} []
[2025-10-21 23:55:52] main.ALERT: Redis exception caught: Connection lost {"type":"fail","log":"Connection lost","time":1761090952,"worker":"8d45ce7fbaea:355"} []
[2025-10-21 23:55:52] main.ALERT: Redis exception caught: Connection lost {"type":"fail","log":"Connection lost","time":1761090952,"worker":"8d45ce7fbaea:371"} []
[2025-10-21 23:55:52] main.ALERT: Redis exception caught: Connection lost {"type":"fail","log":"Connection lost","time":1761090952,"worker":"8d45ce7fbaea:387"} []
[2025-10-21 23:55:53] main.ALERT: Redis exception caught: Connection lost {"type":"fail","log":"Connection lost","time":1761090953,"worker":"8d45ce7fbaea:403"} []
[2025-10-21 23:55:53] main.ALERT: Redis exception caught: Redis server redis:6379 went away {"type":"fail","log":"Redis server redis:6379 went away","time":1761090953,"worker":"8d45ce7fbaea:419"} []
[2025-10-21 23:55:57] main.ALERT: Redis exception caught: Redis server redis:6379 went away {"type":"fail","log":"Redis server redis:6379 went away","time":1761090957,"worker":"8d45ce7fbaea:355"} []
[2025-10-21 23:55:57] main.ALERT: Redis exception caught: Redis server redis:6379 went away {"type":"fail","log":"Redis server redis:6379 went away","time":1761090957,"worker":"8d45ce7fbaea:371"} []
[2025-10-21 23:58:26] main.INFO: Starting worker 339e637e31d2:347:default {"type":"start","worker":"339e637e31d2:347:default"} []
[2025-10-21 23:58:26] main.INFO: Starting worker 339e637e31d2:363:prio {"type":"start","worker":"339e637e31d2:363:prio"} []
[2025-10-21 23:58:27] main.INFO: Starting worker 339e637e31d2:379:cache {"type":"start","worker":"339e637e31d2:379:cache"} []
[2025-10-21 23:58:27] main.INFO: Starting worker 339e637e31d2:395:email {"type":"start","worker":"339e637e31d2:395:email"} []
[2025-10-21 23:58:27] main.INFO: Starting worker 339e637e31d2:411:update {"type":"start","worker":"339e637e31d2:411:update"} []
