[2025-10-22 08:44:44] main.INFO: Exiting... {"type":"shutdown","worker":"339e637e31d2:347"} []
[2025-10-22 08:44:44] main.INFO: Exiting... {"type":"shutdown","worker":"339e637e31d2:363"} []
[2025-10-22 08:44:44] main.INFO: Exiting... {"type":"shutdown","worker":"339e637e31d2:379"} []
[2025-10-22 08:44:44] main.INFO: Exiting... {"type":"shutdown","worker":"339e637e31d2:395"} []
[2025-10-22 08:44:44] main.INFO: Exiting... {"type":"shutdown","worker":"339e637e31d2:411"} []
[2025-10-22 08:44:44] main.INFO: Starting worker 339e637e31d2:555:default {"type":"start","worker":"339e637e31d2:555:default"} []
[2025-10-22 08:44:45] main.INFO: Starting worker 339e637e31d2:571:prio {"type":"start","worker":"339e637e31d2:571:prio"} []
[2025-10-22 08:44:45] main.INFO: Starting worker 339e637e31d2:587:cache {"type":"start","worker":"339e637e31d2:587:cache"} []
[2025-10-22 08:44:46] main.INFO: Starting worker 339e637e31d2:603:email {"type":"start","worker":"339e637e31d2:603:email"} []
[2025-10-22 08:44:46] main.INFO: Starting worker 339e637e31d2:619:update {"type":"start","worker":"339e637e31d2:619:update"} []
[2025-10-22 10:10:40] main.ALERT: Redis exception caught: Connection lost {"type":"fail","log":"Connection lost","time":1761127840,"worker":"339e637e31d2:619"} []
[2025-10-22 10:10:43] main.ALERT: Redis exception caught: Connection lost {"type":"fail","log":"Connection lost","time":1761127843,"worker":"339e637e31d2:555"} []
[2025-10-22 10:10:44] main.ALERT: Redis exception caught: Connection lost {"type":"fail","log":"Connection lost","time":1761127844,"worker":"339e637e31d2:571"} []
[2025-10-22 10:10:44] main.ALERT: Redis exception caught: Connection lost {"type":"fail","log":"Connection lost","time":1761127844,"worker":"339e637e31d2:587"} []
[2025-10-22 10:10:45] main.ALERT: Redis exception caught: Connection lost {"type":"fail","log":"Connection lost","time":1761127845,"worker":"339e637e31d2:603"} []
[2025-10-22 10:10:45] main.ALERT: Redis exception caught: Redis server redis:6379 went away {"type":"fail","log":"Redis server redis:6379 went away","time":1761127845,"worker":"339e637e31d2:619"} []
[2025-10-22 10:10:48] main.ALERT: Redis exception caught: Redis server redis:6379 went away {"type":"fail","log":"Redis server redis:6379 went away","time":1761127848,"worker":"339e637e31d2:555"} []
[2025-10-22 10:13:59] main.INFO: Starting worker d3a72f1ae68e:377:default {"type":"start","worker":"d3a72f1ae68e:377:default"} []
[2025-10-22 10:13:59] main.INFO: Starting worker d3a72f1ae68e:393:prio {"type":"start","worker":"d3a72f1ae68e:393:prio"} []
[2025-10-22 10:13:59] main.INFO: Starting worker d3a72f1ae68e:409:cache {"type":"start","worker":"d3a72f1ae68e:409:cache"} []
[2025-10-22 10:14:00] main.INFO: Starting worker d3a72f1ae68e:425:email {"type":"start","worker":"d3a72f1ae68e:425:email"} []
[2025-10-22 10:14:00] main.INFO: Starting worker d3a72f1ae68e:441:update {"type":"start","worker":"d3a72f1ae68e:441:update"} []
[2025-10-22 10:22:39] main.ALERT: Redis exception caught: Connection lost {"type":"fail","log":"Connection lost","time":1761128559,"worker":"d3a72f1ae68e:377"} []
[2025-10-22 10:22:39] main.ALERT: Redis exception caught: Connection lost {"type":"fail","log":"Connection lost","time":1761128559,"worker":"d3a72f1ae68e:393"} []
[2025-10-22 10:22:39] main.ALERT: Redis exception caught: Connection lost {"type":"fail","log":"Connection lost","time":1761128559,"worker":"d3a72f1ae68e:409"} []
[2025-10-22 10:22:40] main.ALERT: Redis exception caught: Connection lost {"type":"fail","log":"Connection lost","time":1761128560,"worker":"d3a72f1ae68e:425"} []
[2025-10-22 10:22:40] main.ALERT: Redis exception caught: Connection lost {"type":"fail","log":"Connection lost","time":1761128560,"worker":"d3a72f1ae68e:441"} []
[2025-10-22 10:22:44] main.ALERT: Redis exception caught: Redis server redis:6379 went away {"type":"fail","log":"Redis server redis:6379 went away","time":1761128564,"worker":"d3a72f1ae68e:377"} []
[2025-10-22 10:22:44] main.ALERT: Redis exception caught: Redis server redis:6379 went away {"type":"fail","log":"Redis server redis:6379 went away","time":1761128564,"worker":"d3a72f1ae68e:393"} []
[2025-10-22 10:22:44] main.ALERT: Redis exception caught: Redis server redis:6379 went away {"type":"fail","log":"Redis server redis:6379 went away","time":1761128564,"worker":"d3a72f1ae68e:409"} []
[2025-10-22 10:22:45] main.ALERT: Redis exception caught: Redis server redis:6379 went away {"type":"fail","log":"Redis server redis:6379 went away","time":1761128565,"worker":"d3a72f1ae68e:425"} []
[2025-10-22 10:22:45] main.ALERT: Redis exception caught: Redis server redis:6379 went away {"type":"fail","log":"Redis server redis:6379 went away","time":1761128565,"worker":"d3a72f1ae68e:441"} []
[2025-10-22 10:24:25] main.INFO: Starting worker 7037809eae2b:360:default {"type":"start","worker":"7037809eae2b:360:default"} []
[2025-10-22 10:24:25] main.INFO: Starting worker 7037809eae2b:376:prio {"type":"start","worker":"7037809eae2b:376:prio"} []
[2025-10-22 10:24:25] main.INFO: Starting worker 7037809eae2b:392:cache {"type":"start","worker":"7037809eae2b:392:cache"} []
[2025-10-22 10:24:26] main.INFO: Starting worker 7037809eae2b:408:email {"type":"start","worker":"7037809eae2b:408:email"} []
[2025-10-22 10:24:26] main.INFO: Starting worker 7037809eae2b:424:update {"type":"start","worker":"7037809eae2b:424:update"} []
[2025-10-22 10:33:20] main.ALERT: Redis exception caught: Connection lost {"type":"fail","log":"Connection lost","time":1761129200,"worker":"7037809eae2b:360"} []
[2025-10-22 10:33:20] main.ALERT: Redis exception caught: Connection lost {"type":"fail","log":"Connection lost","time":1761129200,"worker":"7037809eae2b:376"} []
[2025-10-22 10:33:20] main.ALERT: Redis exception caught: Connection lost {"type":"fail","log":"Connection lost","time":1761129200,"worker":"7037809eae2b:392"} []
[2025-10-22 10:33:21] main.ALERT: Redis exception caught: Connection lost {"type":"fail","log":"Connection lost","time":1761129201,"worker":"7037809eae2b:408"} []
[2025-10-22 10:33:21] main.ALERT: Redis exception caught: Connection lost {"type":"fail","log":"Connection lost","time":1761129201,"worker":"7037809eae2b:424"} []
[2025-10-22 10:33:25] main.ALERT: Redis exception caught: Redis server redis:6379 went away {"type":"fail","log":"Redis server redis:6379 went away","time":1761129205,"worker":"7037809eae2b:360"} []
[2025-10-22 10:33:25] main.ALERT: Redis exception caught: Redis server redis:6379 went away {"type":"fail","log":"Redis server redis:6379 went away","time":1761129205,"worker":"7037809eae2b:376"} []
[2025-10-22 10:33:25] main.ALERT: Redis exception caught: Redis server redis:6379 went away {"type":"fail","log":"Redis server redis:6379 went away","time":1761129205,"worker":"7037809eae2b:392"} []
[2025-10-22 10:33:26] main.ALERT: Redis exception caught: Redis server redis:6379 went away {"type":"fail","log":"Redis server redis:6379 went away","time":1761129206,"worker":"7037809eae2b:408"} []
[2025-10-22 10:35:05] main.INFO: Starting worker e48b39f0d27b:351:default {"type":"start","worker":"e48b39f0d27b:351:default"} []
[2025-10-22 10:35:05] main.INFO: Starting worker e48b39f0d27b:367:prio {"type":"start","worker":"e48b39f0d27b:367:prio"} []
[2025-10-22 10:35:05] main.INFO: Starting worker e48b39f0d27b:383:cache {"type":"start","worker":"e48b39f0d27b:383:cache"} []
[2025-10-22 10:35:06] main.INFO: Starting worker e48b39f0d27b:399:email {"type":"start","worker":"e48b39f0d27b:399:email"} []
[2025-10-22 10:35:06] main.INFO: Starting worker e48b39f0d27b:415:update {"type":"start","worker":"e48b39f0d27b:415:update"} []
[2025-10-22 10:39:05] main.ALERT: Redis exception caught: Connection lost {"type":"fail","log":"Connection lost","time":1761129545,"worker":"e48b39f0d27b:351"} []
[2025-10-22 10:39:05] main.ALERT: Redis exception caught: Connection lost {"type":"fail","log":"Connection lost","time":1761129545,"worker":"e48b39f0d27b:367"} []
[2025-10-22 10:39:06] main.ALERT: Redis exception caught: Connection lost {"type":"fail","log":"Connection lost","time":1761129546,"worker":"e48b39f0d27b:383"} []
[2025-10-22 10:39:06] main.ALERT: Redis exception caught: Connection lost {"type":"fail","log":"Connection lost","time":1761129546,"worker":"e48b39f0d27b:399"} []
[2025-10-22 10:39:06] main.ALERT: Redis exception caught: Connection lost {"type":"fail","log":"Connection lost","time":1761129546,"worker":"e48b39f0d27b:415"} []
[2025-10-22 10:39:10] main.ALERT: Redis exception caught: Redis server redis:6379 went away {"type":"fail","log":"Redis server redis:6379 went away","time":1761129550,"worker":"e48b39f0d27b:351"} []
[2025-10-22 10:39:10] main.ALERT: Redis exception caught: Redis server redis:6379 went away {"type":"fail","log":"Redis server redis:6379 went away","time":1761129550,"worker":"e48b39f0d27b:367"} []
[2025-10-22 10:39:11] main.ALERT: Redis exception caught: Redis server redis:6379 went away {"type":"fail","log":"Redis server redis:6379 went away","time":1761129551,"worker":"e48b39f0d27b:383"} []
[2025-10-22 10:39:11] main.ALERT: Redis exception caught: Redis server redis:6379 went away {"type":"fail","log":"Redis server redis:6379 went away","time":1761129551,"worker":"e48b39f0d27b:399"} []
[2025-10-22 10:39:11] main.ALERT: Redis exception caught: Redis server redis:6379 went away {"type":"fail","log":"Redis server redis:6379 went away","time":1761129551,"worker":"e48b39f0d27b:415"} []
[2025-10-22 10:41:38] main.INFO: Starting worker e48b39f0d27b:242:default {"type":"start","worker":"e48b39f0d27b:242:default"} []
[2025-10-22 10:41:39] main.INFO: Starting worker e48b39f0d27b:258:prio {"type":"start","worker":"e48b39f0d27b:258:prio"} []
[2025-10-22 10:41:39] main.INFO: Starting worker e48b39f0d27b:274:cache {"type":"start","worker":"e48b39f0d27b:274:cache"} []
[2025-10-22 10:41:40] main.INFO: Starting worker e48b39f0d27b:290:email {"type":"start","worker":"e48b39f0d27b:290:email"} []
[2025-10-22 10:41:40] main.INFO: Starting worker e48b39f0d27b:306:update {"type":"start","worker":"e48b39f0d27b:306:update"} []
[2025-10-22 10:44:29] main.ALERT: Redis exception caught: Connection lost {"type":"fail","log":"Connection lost","time":1761129869,"worker":"e48b39f0d27b:242"} []
[2025-10-22 10:44:29] main.ALERT: Redis exception caught: Connection lost {"type":"fail","log":"Connection lost","time":1761129869,"worker":"e48b39f0d27b:258"} []
[2025-10-22 10:44:29] main.ALERT: Redis exception caught: Connection lost {"type":"fail","log":"Connection lost","time":1761129869,"worker":"e48b39f0d27b:274"} []
[2025-10-22 10:44:30] main.ALERT: Redis exception caught: Connection lost {"type":"fail","log":"Connection lost","time":1761129870,"worker":"e48b39f0d27b:290"} []
[2025-10-22 10:44:30] main.ALERT: Redis exception caught: Connection lost {"type":"fail","log":"Connection lost","time":1761129870,"worker":"e48b39f0d27b:306"} []
[2025-10-22 10:44:34] main.ALERT: Redis exception caught: Redis server redis:6379 went away {"type":"fail","log":"Redis server redis:6379 went away","time":1761129874,"worker":"e48b39f0d27b:242"} []
[2025-10-22 10:44:34] main.ALERT: Redis exception caught: Redis server redis:6379 went away {"type":"fail","log":"Redis server redis:6379 went away","time":1761129874,"worker":"e48b39f0d27b:258"} []
[2025-10-22 10:44:34] main.ALERT: Redis exception caught: Redis server redis:6379 went away {"type":"fail","log":"Redis server redis:6379 went away","time":1761129874,"worker":"e48b39f0d27b:274"} []
[2025-10-22 10:44:35] main.ALERT: Redis exception caught: Redis server redis:6379 went away {"type":"fail","log":"Redis server redis:6379 went away","time":1761129875,"worker":"e48b39f0d27b:290"} []
[2025-10-22 10:44:35] main.ALERT: Redis exception caught: Redis server redis:6379 went away {"type":"fail","log":"Redis server redis:6379 went away","time":1761129875,"worker":"e48b39f0d27b:306"} []
[2025-10-22 10:48:10] main.INFO: Starting worker c2566915f76b:352:default {"type":"start","worker":"c2566915f76b:352:default"} []
[2025-10-22 10:48:10] main.INFO: Starting worker c2566915f76b:368:prio {"type":"start","worker":"c2566915f76b:368:prio"} []
[2025-10-22 10:48:11] main.INFO: Starting worker c2566915f76b:384:cache {"type":"start","worker":"c2566915f76b:384:cache"} []
[2025-10-22 10:48:11] main.INFO: Starting worker c2566915f76b:400:email {"type":"start","worker":"c2566915f76b:400:email"} []
[2025-10-22 10:48:11] main.INFO: Starting worker c2566915f76b:416:update {"type":"start","worker":"c2566915f76b:416:update"} []
[2025-10-22 10:52:35] main.ALERT: Redis exception caught: Connection lost {"type":"fail","log":"Connection lost","time":1761130355,"worker":"c2566915f76b:352"} []
[2025-10-22 10:52:35] main.ALERT: Redis exception caught: Connection lost {"type":"fail","log":"Connection lost","time":1761130355,"worker":"c2566915f76b:368"} []
[2025-10-22 10:52:36] main.ALERT: Redis exception caught: Connection lost {"type":"fail","log":"Connection lost","time":1761130356,"worker":"c2566915f76b:384"} []
[2025-10-22 10:52:36] main.ALERT: Redis exception caught: Connection lost {"type":"fail","log":"Connection lost","time":1761130356,"worker":"c2566915f76b:400"} []
[2025-10-22 10:52:36] main.ALERT: Redis exception caught: Connection lost {"type":"fail","log":"Connection lost","time":1761130356,"worker":"c2566915f76b:416"} []
[2025-10-22 10:52:40] main.ALERT: Redis exception caught: Redis server redis:6379 went away {"type":"fail","log":"Redis server redis:6379 went away","time":1761130360,"worker":"c2566915f76b:352"} []
[2025-10-22 10:52:40] main.ALERT: Redis exception caught: Redis server redis:6379 went away {"type":"fail","log":"Redis server redis:6379 went away","time":1761130360,"worker":"c2566915f76b:368"} []
[2025-10-22 10:52:41] main.ALERT: Redis exception caught: Redis server redis:6379 went away {"type":"fail","log":"Redis server redis:6379 went away","time":1761130361,"worker":"c2566915f76b:384"} []
[2025-10-22 10:52:41] main.ALERT: Redis exception caught: Redis server redis:6379 went away {"type":"fail","log":"Redis server redis:6379 went away","time":1761130361,"worker":"c2566915f76b:400"} []
[2025-10-22 10:52:41] main.ALERT: Redis exception caught: Redis server redis:6379 went away {"type":"fail","log":"Redis server redis:6379 went away","time":1761130361,"worker":"c2566915f76b:416"} []
[2025-10-22 10:58:13] main.INFO: Starting worker dcbf78ec9666:359:default {"type":"start","worker":"dcbf78ec9666:359:default"} []
[2025-10-22 10:58:13] main.INFO: Starting worker dcbf78ec9666:375:prio {"type":"start","worker":"dcbf78ec9666:375:prio"} []
[2025-10-22 10:58:14] main.INFO: Starting worker dcbf78ec9666:391:cache {"type":"start","worker":"dcbf78ec9666:391:cache"} []
[2025-10-22 10:58:14] main.INFO: Starting worker dcbf78ec9666:407:email {"type":"start","worker":"dcbf78ec9666:407:email"} []
[2025-10-22 10:58:15] main.INFO: Starting worker dcbf78ec9666:423:update {"type":"start","worker":"dcbf78ec9666:423:update"} []
[2025-10-22 11:14:00] main.ALERT: Redis exception caught: Connection lost {"type":"fail","log":"Connection lost","time":1761131640,"worker":"dcbf78ec9666:423"} []
[2025-10-22 11:14:03] main.ALERT: Redis exception caught: Connection lost {"type":"fail","log":"Connection lost","time":1761131643,"worker":"dcbf78ec9666:359"} []
[2025-10-22 11:14:03] main.ALERT: Redis exception caught: Connection lost {"type":"fail","log":"Connection lost","time":1761131643,"worker":"dcbf78ec9666:375"} []
[2025-10-22 11:14:04] main.ALERT: Redis exception caught: Connection lost {"type":"fail","log":"Connection lost","time":1761131644,"worker":"dcbf78ec9666:391"} []
[2025-10-22 11:14:04] main.ALERT: Redis exception caught: Connection lost {"type":"fail","log":"Connection lost","time":1761131644,"worker":"dcbf78ec9666:407"} []
[2025-10-22 11:14:05] main.ALERT: Redis exception caught: Redis server redis:6379 went away {"type":"fail","log":"Redis server redis:6379 went away","time":1761131645,"worker":"dcbf78ec9666:423"} []
[2025-10-22 11:14:08] main.ALERT: Redis exception caught: Redis server redis:6379 went away {"type":"fail","log":"Redis server redis:6379 went away","time":1761131648,"worker":"dcbf78ec9666:359"} []
[2025-10-22 11:14:08] main.ALERT: Redis exception caught: Redis server redis:6379 went away {"type":"fail","log":"Redis server redis:6379 went away","time":1761131648,"worker":"dcbf78ec9666:375"} []
[2025-10-22 11:15:39] main.INFO: Starting worker 6ec84f4455c5:355:default {"type":"start","worker":"6ec84f4455c5:355:default"} []
[2025-10-22 11:15:40] main.INFO: Starting worker 6ec84f4455c5:371:prio {"type":"start","worker":"6ec84f4455c5:371:prio"} []
[2025-10-22 11:15:40] main.INFO: Starting worker 6ec84f4455c5:387:cache {"type":"start","worker":"6ec84f4455c5:387:cache"} []
[2025-10-22 11:15:41] main.INFO: Starting worker 6ec84f4455c5:403:email {"type":"start","worker":"6ec84f4455c5:403:email"} []
[2025-10-22 11:15:41] main.INFO: Starting worker 6ec84f4455c5:419:update {"type":"start","worker":"6ec84f4455c5:419:update"} []
[2025-10-22 16:37:06] main.INFO: Exiting... {"type":"shutdown","worker":"6ec84f4455c5:355"} []
[2025-10-22 16:37:06] main.INFO: Exiting... {"type":"shutdown","worker":"6ec84f4455c5:371"} []
[2025-10-22 16:37:06] main.INFO: Exiting... {"type":"shutdown","worker":"6ec84f4455c5:387"} []
[2025-10-22 16:37:06] main.INFO: Exiting... {"type":"shutdown","worker":"6ec84f4455c5:403"} []
[2025-10-22 16:37:06] main.INFO: Exiting... {"type":"shutdown","worker":"6ec84f4455c5:419"} []
[2025-10-22 16:37:06] main.INFO: Starting worker 6ec84f4455c5:523:default {"type":"start","worker":"6ec84f4455c5:523:default"} []
[2025-10-22 16:37:06] main.INFO: Starting worker 6ec84f4455c5:539:prio {"type":"start","worker":"6ec84f4455c5:539:prio"} []
[2025-10-22 16:37:07] main.INFO: Starting worker 6ec84f4455c5:555:cache {"type":"start","worker":"6ec84f4455c5:555:cache"} []
[2025-10-22 16:37:07] main.INFO: Starting worker 6ec84f4455c5:571:email {"type":"start","worker":"6ec84f4455c5:571:email"} []
[2025-10-22 16:37:07] main.INFO: Starting worker 6ec84f4455c5:587:update {"type":"start","worker":"6ec84f4455c5:587:update"} []
[2025-10-22 16:56:21] main.ALERT: Redis exception caught: Connection lost {"type":"fail","log":"Connection lost","time":1761152181,"worker":"6ec84f4455c5:523"} []
[2025-10-22 16:56:21] main.ALERT: Redis exception caught: Connection lost {"type":"fail","log":"Connection lost","time":1761152181,"worker":"6ec84f4455c5:539"} []
[2025-10-22 16:56:22] main.ALERT: Redis exception caught: Connection lost {"type":"fail","log":"Connection lost","time":1761152182,"worker":"6ec84f4455c5:555"} []
[2025-10-22 16:56:22] main.ALERT: Redis exception caught: Connection lost {"type":"fail","log":"Connection lost","time":1761152182,"worker":"6ec84f4455c5:571"} []
[2025-10-22 16:56:23] main.ALERT: Redis exception caught: Connection lost {"type":"fail","log":"Connection lost","time":1761152183,"worker":"6ec84f4455c5:587"} []
[2025-10-22 16:56:26] main.ALERT: Redis exception caught: Redis server redis:6379 went away {"type":"fail","log":"Redis server redis:6379 went away","time":1761152186,"worker":"6ec84f4455c5:523"} []
[2025-10-22 16:56:26] main.ALERT: Redis exception caught: Redis server redis:6379 went away {"type":"fail","log":"Redis server redis:6379 went away","time":1761152186,"worker":"6ec84f4455c5:539"} []
[2025-10-22 16:56:27] main.ALERT: Redis exception caught: Redis server redis:6379 went away {"type":"fail","log":"Redis server redis:6379 went away","time":1761152187,"worker":"6ec84f4455c5:555"} []
[2025-10-22 16:56:27] main.ALERT: Redis exception caught: Redis server redis:6379 went away {"type":"fail","log":"Redis server redis:6379 went away","time":1761152187,"worker":"6ec84f4455c5:571"} []
[2025-10-22 19:10:11] main.INFO: Starting worker 0edcf294c9ca:444:default {"type":"start","worker":"0edcf294c9ca:444:default"} []
[2025-10-22 19:10:11] main.INFO: Starting worker 0edcf294c9ca:460:prio {"type":"start","worker":"0edcf294c9ca:460:prio"} []
[2025-10-22 19:10:12] main.INFO: Starting worker 0edcf294c9ca:476:cache {"type":"start","worker":"0edcf294c9ca:476:cache"} []
[2025-10-22 19:10:12] main.INFO: Starting worker 0edcf294c9ca:492:email {"type":"start","worker":"0edcf294c9ca:492:email"} []
[2025-10-22 19:10:12] main.INFO: Starting worker 0edcf294c9ca:508:update {"type":"start","worker":"0edcf294c9ca:508:update"} []
[2025-10-22 20:10:13] main.INFO: Exiting... {"type":"shutdown","worker":"0edcf294c9ca:444"} []
[2025-10-22 20:10:13] main.INFO: Exiting... {"type":"shutdown","worker":"0edcf294c9ca:460"} []
[2025-10-22 20:10:13] main.INFO: Exiting... {"type":"shutdown","worker":"0edcf294c9ca:476"} []
[2025-10-22 20:10:13] main.INFO: Exiting... {"type":"shutdown","worker":"0edcf294c9ca:492"} []
[2025-10-22 20:10:13] main.INFO: Exiting... {"type":"shutdown","worker":"0edcf294c9ca:508"} []
[2025-10-22 20:10:13] main.INFO: Starting worker 0edcf294c9ca:652:default {"type":"start","worker":"0edcf294c9ca:652:default"} []
[2025-10-22 20:10:14] main.INFO: Starting worker 0edcf294c9ca:668:prio {"type":"start","worker":"0edcf294c9ca:668:prio"} []
[2025-10-22 20:10:14] main.INFO: Starting worker 0edcf294c9ca:684:cache {"type":"start","worker":"0edcf294c9ca:684:cache"} []
[2025-10-22 20:10:14] main.INFO: Starting worker 0edcf294c9ca:700:email {"type":"start","worker":"0edcf294c9ca:700:email"} []
[2025-10-22 20:10:15] main.INFO: Starting worker 0edcf294c9ca:716:update {"type":"start","worker":"0edcf294c9ca:716:update"} []
[2025-10-22 21:14:21] main.ALERT: Redis exception caught: Connection lost {"type":"fail","log":"Connection lost","time":1761167661,"worker":"0edcf294c9ca:652"} []
[2025-10-22 21:14:21] main.ALERT: Redis exception caught: Connection lost {"type":"fail","log":"Connection lost","time":1761167661,"worker":"0edcf294c9ca:668"} []
[2025-10-22 21:14:21] main.ALERT: Redis exception caught: Connection lost {"type":"fail","log":"Connection lost","time":1761167661,"worker":"0edcf294c9ca:684"} []
[2025-10-22 21:14:22] main.ALERT: Redis exception caught: Connection lost {"type":"fail","log":"Connection lost","time":1761167662,"worker":"0edcf294c9ca:700"} []
[2025-10-22 21:14:22] main.ALERT: Redis exception caught: Connection lost {"type":"fail","log":"Connection lost","time":1761167662,"worker":"0edcf294c9ca:716"} []
[2025-10-22 21:14:26] main.ALERT: Redis exception caught: Redis server redis:6379 went away {"type":"fail","log":"Redis server redis:6379 went away","time":1761167666,"worker":"0edcf294c9ca:652"} []
[2025-10-22 21:14:26] main.ALERT: Redis exception caught: Redis server redis:6379 went away {"type":"fail","log":"Redis server redis:6379 went away","time":1761167666,"worker":"0edcf294c9ca:668"} []
[2025-10-22 21:14:26] main.ALERT: Redis exception caught: Redis server redis:6379 went away {"type":"fail","log":"Redis server redis:6379 went away","time":1761167666,"worker":"0edcf294c9ca:684"} []
[2025-10-22 21:14:27] main.ALERT: Redis exception caught: Redis server redis:6379 went away {"type":"fail","log":"Redis server redis:6379 went away","time":1761167667,"worker":"0edcf294c9ca:700"} []
[2025-10-22 21:14:27] main.ALERT: Redis exception caught: Redis server redis:6379 went away {"type":"fail","log":"Redis server redis:6379 went away","time":1761167667,"worker":"0edcf294c9ca:716"} []
